Running with dbt=1.11.8
Registered adapter: sqlserver=1.9.0
Found 9 models, 9 data tests, 1 operation, 1 snapshot, 3 sources, 661 macros

Concurrency: 1 threads (target='dev')

1 of 9 START sql table model Landing.lnd_address ............................... [RUN]
[31mUnhandled error while executing target\dbt_project_assets-ab5acce-a70d0c7\run\dbt_project_study\models\Landing\lnd_address.sql[0m
('42000', "[42000] [Microsoft][ODBC Driver 17 for SQL Server][SQL Server]A timeout occurred while waiting for memory resources to execute the query in resource pool 'internal' (1). Rerun the query. (8645) (SQLMoreResults); [42000] [Microsoft][ODBC Driver 17 for SQL Server][SQL Server]The statement has been terminated. (3621)")
1 of 9 ERROR creating sql table model Landing.lnd_address ...................... [[31mERROR[0m in 28.70s]
2 of 9 START sql table model Landing.lnd_customer .............................. [RUN]
[31mUnhandled error while executing target\dbt_project_assets-ab5acce-a70d0c7\run\dbt_project_study\models\Landing\lnd_customer.sql[0m
('42000', "[42000] [Microsoft][ODBC Driver 17 for SQL Server][SQL Server]A timeout occurred while waiting for memory resources to execute the query in resource pool 'internal' (1). Rerun the query. (8645) (SQLMoreResults); [42000] [Microsoft][ODBC Driver 17 for SQL Server][SQL Server]The statement has been terminated. (3621)")
2 of 9 ERROR creating sql table model Landing.lnd_customer ..................... [[31mERROR[0m in 31.73s]
3 of 9 START sql table model Landing.lnd_customeraddress ....................... [RUN]
[31mUnhandled error while executing target\dbt_project_assets-ab5acce-a70d0c7\run\dbt_project_study\models\Landing\lnd_customeraddress.sql[0m
('42000', "[42000] [Microsoft][ODBC Driver 17 for SQL Server][SQL Server]A timeout occurred while waiting for memory resources to execute the query in resource pool 'internal' (1). Rerun the query. (8645) (SQLMoreResults); [42000] [Microsoft][ODBC Driver 17 for SQL Server][SQL Server]The statement has been terminated. (3621)")
3 of 9 ERROR creating sql table model Landing.lnd_customeraddress .............. [[31mERROR[0m in 26.66s]
4 of 9 START sql table model Landing.lnd_productdescription .................... [RUN]
4 of 9 OK created sql table model Landing.lnd_productdescription ............... [[32mOK[0m in 1.19s]
5 of 9 START sql table model Landing.lnd_productmodel .......................... [RUN]
5 of 9 OK created sql table model Landing.lnd_productmodel ..................... [[32mOK[0m in 0.26s]
6 of 9 START sql table model Landing.lnd_productmodelproductdescription ........ [RUN]
6 of 9 OK created sql table model Landing.lnd_productmodelproductdescription ... [[32mOK[0m in 0.36s]
7 of 9 START sql table model Landing.lnd_salesorderdetail ...................... [RUN]
[31mUnhandled error while executing target\dbt_project_assets-ab5acce-a70d0c7\run\dbt_project_study\models\Landing\lnd_salesorderdetail.sql[0m
('42000', "[42000] [Microsoft][ODBC Driver 17 for SQL Server][SQL Server]A timeout occurred while waiting for memory resources to execute the query in resource pool 'internal' (1). Rerun the query. (8645) (SQLMoreResults); [42000] [Microsoft][ODBC Driver 17 for SQL Server][SQL Server]The statement has been terminated. (3621)")
7 of 9 ERROR creating sql table model Landing.lnd_salesorderdetail ............. [[31mERROR[0m in 25.64s]
8 of 9 START sql table model Landing.lnd_salesorderhearder ..................... [RUN]
8 of 9 OK created sql table model Landing.lnd_salesorderhearder ................ [[32mOK[0m in 12.40s]
9 of 9 START sql view model Staging.stg_customer ............................... [RUN]
9 of 9 OK created sql view model Staging.stg_customer .......................... [[32mOK[0m in 0.13s]

1 of 1 START hook: dbt_project_study.on-run-end.0 .............................. [RUN]
1 of 1 OK hook: dbt_project_study.on-run-end.0 ................................. [[32mOK[0m in 0.02s]

Finished running 1 project hook, 8 table models, 1 view model in 0 hours 2 minutes and 9.18 seconds (129.18s).

[31mCompleted with 4 errors, 0 partial successes, and 0 warnings:[0m

[31mFailure in model lnd_address (models\Landing\lnd_address.sql)[0m
  ('42000', "[42000] [Microsoft][ODBC Driver 17 for SQL Server][SQL Server]A timeout occurred while waiting for memory resources to execute the query in resource pool 'internal' (1). Rerun the query. (8645) (SQLMoreResults); [42000] [Microsoft][ODBC Driver 17 for SQL Server][SQL Server]The statement has been terminated. (3621)")

  compiled code at target\dbt_project_assets-ab5acce-a70d0c7\compiled\dbt_project_study\models\Landing\lnd_address.sql

[31mFailure in model lnd_customer (models\Landing\lnd_customer.sql)[0m
  ('42000', "[42000] [Microsoft][ODBC Driver 17 for SQL Server][SQL Server]A timeout occurred while waiting for memory resources to execute the query in resource pool 'internal' (1). Rerun the query. (8645) (SQLMoreResults); [42000] [Microsoft][ODBC Driver 17 for SQL Server][SQL Server]The statement has been terminated. (3621)")

  compiled code at target\dbt_project_assets-ab5acce-a70d0c7\compiled\dbt_project_study\models\Landing\lnd_customer.sql

[31mFailure in model lnd_customeraddress (models\Landing\lnd_customeraddress.sql)[0m
  ('42000', "[42000] [Microsoft][ODBC Driver 17 for SQL Server][SQL Server]A timeout occurred while waiting for memory resources to execute the query in resource pool 'internal' (1). Rerun the query. (8645) (SQLMoreResults); [42000] [Microsoft][ODBC Driver 17 for SQL Server][SQL Server]The statement has been terminated. (3621)")

  compiled code at target\dbt_project_assets-ab5acce-a70d0c7\compiled\dbt_project_study\models\Landing\lnd_customeraddress.sql

[31mFailure in model lnd_salesorderdetail (models\Landing\lnd_salesorderdetail.sql)[0m
  ('42000', "[42000] [Microsoft][ODBC Driver 17 for SQL Server][SQL Server]A timeout occurred while waiting for memory resources to execute the query in resource pool 'internal' (1). Rerun the query. (8645) (SQLMoreResults); [42000] [Microsoft][ODBC Driver 17 for SQL Server][SQL Server]The statement has been terminated. (3621)")

  compiled code at target\dbt_project_assets-ab5acce-a70d0c7\compiled\dbt_project_study\models\Landing\lnd_salesorderdetail.sql

Done. PASS=6 WARN=0 ERROR=4 SKIP=0 NO-OP=0 TOTAL=10
