[0m10:58:04.268404 [debug] [MainThread]: Sending event: {'category': 'dbt', 'action': 'invocation', 'label': 'start', 'context': [<snowplow_tracker.self_describing_json.SelfDescribingJson object at 0x000001D820646E60>, <snowplow_tracker.self_describing_json.SelfDescribingJson object at 0x000001D8219A9330>, <snowplow_tracker.self_describing_json.SelfDescribingJson object at 0x000001D8219A9150>]}


============================== 10:58:04.272415 | 2d1bfbdd-f65d-45c4-8e5c-b5f50f698c09 ==============================
[0m10:58:04.272415 [info ] [MainThread]: Running with dbt=1.11.8
[0m10:58:04.273399 [debug] [MainThread]: running dbt with arguments {'static_parser': 'True', 'no_print': 'None', 'version_check': 'True', 'target_path': 'None', 'warn_error_options': 'WarnErrorOptionsV2(error=[], warn=[], silence=[])', 'printer_width': '80', 'write_json': 'True', 'introspect': 'True', 'log_cache_events': 'False', 'empty': 'None', 'cache_selected_only': 'False', 'fail_fast': 'False', 'debug': 'False', 'log_format': 'default', 'profiles_dir': 'C:\\Users\\JintaoJiang\\.dbt', 'send_anonymous_usage_stats': 'True', 'quiet': 'False', 'warn_error': 'None', 'partial_parse': 'True', 'indirect_selection': 'eager', 'invocation_command': 'dbt init dbt_project_study', 'use_colors': 'True', 'use_experimental_parser': 'False', 'log_path': 'logs'}
[0m10:58:04.300834 [debug] [MainThread]: Starter project path: C:\Users\JintaoJiang\AppData\Local\Programs\Python\Python310\lib\site-packages\dbt\include\starter_project
[0m10:58:04.404349 [info ] [MainThread]: 
Your new dbt project "dbt_project_study" was created!

For more information on how to configure the profiles.yml file,
please consult the dbt documentation here:

  https://docs.getdbt.com/docs/configure-your-profile

One more thing:

Need help? Don't hesitate to reach out to us via GitHub issues or on Slack:

  https://community.getdbt.com/

Happy modeling!

[0m10:58:04.405351 [info ] [MainThread]: Setting up your profile.
[0m10:59:07.181922 [info ] [MainThread]: Profile dbt_project_study written to C:\Users\JintaoJiang\.dbt\profiles.yml using target's profile_template.yml and your supplied values. Run 'dbt debug' to validate the connection.
[0m10:59:07.181922 [debug] [MainThread]: Command `dbt init` succeeded at 10:59:07.181922 after 63.03 seconds
[0m10:59:07.181922 [debug] [MainThread]: Sending event: {'category': 'dbt', 'action': 'invocation', 'label': 'end', 'context': [<snowplow_tracker.self_describing_json.SelfDescribingJson object at 0x000001D820646E60>, <snowplow_tracker.self_describing_json.SelfDescribingJson object at 0x000001D8219A99C0>, <snowplow_tracker.self_describing_json.SelfDescribingJson object at 0x000001D8219A9990>]}
[0m10:59:07.181922 [debug] [MainThread]: Flushing usage events
[0m10:59:07.271445 [debug] [MainThread]: An error was encountered while trying to flush usage events
